<?xml version="1.0" encoding="UTF-8"?>
<!-- Generated by org.testng.reporters.JUnitXMLReporter -->
<testsuite ignored="6" hostname="LAPTOP-NPAGS1O1" failures="0" tests="3" name="groupingtests" time="0.215" errors="0" timestamp="2024-10-23T19:59:41 EDT">
  <testcase classname="day44DependencyGroupingtestng.Group3" name="solo3" time="0.021"/>
  <testcase classname="day44DependencyGroupingtestng.Group3" name="hello1" time="0.001"/>
  <testcase classname="day44DependencyGroupingtestng.Group3" name="bollo2" time="0.002"/>
  <testcase classname="day44DependencyGroupingtestng.Group1" name="one1" time="0.0">
    <ignored/>
  </testcase> <!-- one1 -->
  <testcase classname="day44DependencyGroupingtestng.Group1" name="two2" time="0.0">
    <ignored/>
  </testcase> <!-- two2 -->
  <testcase classname="day44DependencyGroupingtestng.Group1" name="three3" time="0.0">
    <ignored/>
  </testcase> <!-- three3 -->
  <testcase classname="day44DependencyGroupingtestng.Group2" name="solo" time="0.0">
    <ignored/>
  </testcase> <!-- solo -->
  <testcase classname="day44DependencyGroupingtestng.Group2" name="hello" time="0.0">
    <ignored/>
  </testcase> <!-- hello -->
  <testcase classname="day44DependencyGroupingtestng.Group2" name="bollo" time="0.0">
    <ignored/>
  </testcase> <!-- bollo -->
</testsuite> <!-- groupingtests -->
