<?xml version="1.0" encoding="UTF-8"?>
<!-- Generated by org.testng.reporters.JUnitXMLReporter -->
<testsuite ignored="0" hostname="LAPTOP-NPAGS1O1" failures="0" tests="7" name="Test2" time="0.092" errors="0" timestamp="2024-10-22T15:19:51 EDT">
  <testcase classname="day43TestNGannotations.AnnotationsBeforeAfterclass" name="search" time="0.001"/>
  <testcase classname="day43TestNGannotations.AnnotationsBeforeAfterclass" name="advancesearch" time="0.003"/>
  <testcase classname="day43TestNGannotations.C2" name="f" time="0.005"/>
  <testcase classname="day43TestNGannotations.C1" name="f" time="0.003"/>
  <testcase classname="day43TestNGannotations.AnnotationsBeforeAfterMethod" name="search" time="0.002"/>
  <testcase classname="day43TestNGannotations.AnnotationsBeforeAfterMethod" name="advancesearch" time="0.002"/>
  <testcase classname="day43TestNGannotations.C3" name="f" time="0.001"/>
</testsuite> <!-- Test2 -->
